<?xml version="1.0" encoding="UTF-8"?>
<testsuite name="br.org.fundatec.conta_bancaria.controller.BancoControllerTest" tests="1" skipped="0" failures="0" errors="0" timestamp="2025-05-05T19:50:51.165Z" hostname="DESKTOP-2DV1COJ" time="0.401">
  <properties/>
  <testcase name="testaEdicaoNaoEncontrada()" classname="br.org.fundatec.conta_bancaria.controller.BancoControllerTest" time="0.401"/>
  <system-out><![CDATA[
  .   ____          _            __ _ _
 /\\ / ___'_ __ _ _(_)_ __  __ _ \ \ \ \
( ( )\___ | '_ | '_| | '_ \/ _` | \ \ \ \
 \\/  ___)| |_)| | | | | || (_| |  ) ) ) )
  '  |____| .__|_| |_|_| |_\__, | / / / /
 =========|_|==============|___/=/_/_/_/

 :: Spring Boot ::                (v3.4.4)

2025-05-05T16:50:45.206-03:00  INFO 8040 --- [banco-api] [    Test worker] b.o.f.c.controller.BancoControllerTest   : Starting BancoControllerTest using Java 17.0.14 with PID 8040 (started by Xavier in C:\Users\Xavier\Downloads\ContaBancaria-main)
2025-05-05T16:50:45.206-03:00  INFO 8040 --- [banco-api] [    Test worker] b.o.f.c.controller.BancoControllerTest   : The following 1 profile is active: "test"
2025-05-05T16:50:46.063-03:00  INFO 8040 --- [banco-api] [    Test worker] .s.d.r.c.RepositoryConfigurationDelegate : Bootstrapping Spring Data JPA repositories in DEFAULT mode.
2025-05-05T16:50:46.141-03:00  INFO 8040 --- [banco-api] [    Test worker] .s.d.r.c.RepositoryConfigurationDelegate : Finished Spring Data repository scanning in 66 ms. Found 3 JPA repository interfaces.
2025-05-05T16:50:47.619-03:00  INFO 8040 --- [banco-api] [    Test worker] o.hibernate.jpa.internal.util.LogHelper  : HHH000204: Processing PersistenceUnitInfo [name: default]
2025-05-05T16:50:47.698-03:00  INFO 8040 --- [banco-api] [    Test worker] org.hibernate.Version                    : HHH000412: Hibernate ORM core version 6.6.11.Final
2025-05-05T16:50:47.776-03:00  INFO 8040 --- [banco-api] [    Test worker] o.h.c.internal.RegionFactoryInitiator    : HHH000026: Second-level cache disabled
2025-05-05T16:50:47.979-03:00  INFO 8040 --- [banco-api] [    Test worker] o.s.o.j.p.SpringPersistenceUnitInfo      : No LoadTimeWeaver setup: ignoring JPA class transformer
2025-05-05T16:50:48.042-03:00  INFO 8040 --- [banco-api] [    Test worker] com.zaxxer.hikari.HikariDataSource       : HikariPool-1 - Starting...
2025-05-05T16:50:48.260-03:00  INFO 8040 --- [banco-api] [    Test worker] com.zaxxer.hikari.pool.HikariPool        : HikariPool-1 - Added connection conn0: url=jdbc:h2:mem:mydb user=SA
2025-05-05T16:50:48.260-03:00  INFO 8040 --- [banco-api] [    Test worker] com.zaxxer.hikari.HikariDataSource       : HikariPool-1 - Start completed.
2025-05-05T16:50:48.307-03:00  WARN 8040 --- [banco-api] [    Test worker] org.hibernate.orm.deprecation            : HHH90000025: H2Dialect does not need to be specified explicitly using 'hibernate.dialect' (remove the property setting and it will be selected by default)
2025-05-05T16:50:48.338-03:00  INFO 8040 --- [banco-api] [    Test worker] org.hibernate.orm.connections.pooling    : HHH10001005: Database info:
	Database JDBC URL [Connecting through datasource 'HikariDataSource (HikariPool-1)']
	Database driver: undefined/unknown
	Database version: 2.3.232
	Autocommit mode: undefined/unknown
	Isolation level: undefined/unknown
	Minimum pool size: undefined/unknown
	Maximum pool size: undefined/unknown
Hibernate: create global temporary table HTE_banco(cnpj integer, codigo integer, id integer, rn_ integer not null, nome varchar(255), primary key (rn_)) TRANSACTIONAL
Hibernate: create global temporary table HTE_cliente(banco_id integer, cpf integer, id integer, rn_ integer not null, nome varchar(255), primary key (rn_)) TRANSACTIONAL
Hibernate: create global temporary table HTE_agencia(banco_id integer, id integer, numero integer, rn_ integer not null, nome varchar(255), primary key (rn_)) TRANSACTIONAL
2025-05-05T16:50:49.607-03:00  INFO 8040 --- [banco-api] [    Test worker] o.h.e.t.j.p.i.JtaPlatformInitiator       : HHH000489: No JTA platform available (set 'hibernate.transaction.jta.platform' to enable JTA platform integration)
Hibernate: create table agencia (id integer not null, nome varchar(255) not null, numero integer not null, banco_id integer, agencia_id integer, primary key (id))
Hibernate: create table banco (id integer not null, cnpj integer not null, codigo integer not null, nome varchar(255) not null, primary key (id))
Hibernate: create table cliente (id integer not null, cpf integer not null, nome varchar(255) not null, banco_id integer, cliente_id integer, primary key (id))
Hibernate: create sequence label_sequence start with 1 increment by 100
Hibernate: alter table if exists agencia add constraint FKitd0jcpl1a6fqcn5acemi1e6l foreign key (banco_id) references banco
Hibernate: alter table if exists agencia add constraint FKhn3phlrvyghygf7npije66qc5 foreign key (agencia_id) references banco
Hibernate: alter table if exists cliente add constraint FKmnf621telqv72fsvjlr33rcgu foreign key (banco_id) references banco
Hibernate: alter table if exists cliente add constraint FK4s3ycrjo9yuq1e6u3k8uws4wj foreign key (cliente_id) references banco
2025-05-05T16:50:49.669-03:00  INFO 8040 --- [banco-api] [    Test worker] j.LocalContainerEntityManagerFactoryBean : Initialized JPA EntityManagerFactory for persistence unit 'default'
2025-05-05T16:50:50.437-03:00  WARN 8040 --- [banco-api] [    Test worker] JpaBaseConfiguration$JpaWebConfiguration : spring.jpa.open-in-view is enabled by default. Therefore, database queries may be performed during view rendering. Explicitly configure spring.jpa.open-in-view to disable this warning
2025-05-05T16:50:50.966-03:00  INFO 8040 --- [banco-api] [    Test worker] o.s.b.a.h2.H2ConsoleAutoConfiguration    : H2 console available at '/h2-ui'. Database available at 'jdbc:h2:mem:mydb'
2025-05-05T16:50:51.076-03:00  INFO 8040 --- [banco-api] [    Test worker] o.s.b.t.m.w.SpringBootMockServletContext : Initializing Spring TestDispatcherServlet ''
2025-05-05T16:50:51.076-03:00  INFO 8040 --- [banco-api] [    Test worker] o.s.t.web.servlet.TestDispatcherServlet  : Initializing Servlet ''
2025-05-05T16:50:51.081-03:00  INFO 8040 --- [banco-api] [    Test worker] o.s.t.web.servlet.TestDispatcherServlet  : Completed initialization in 5 ms
2025-05-05T16:50:51.128-03:00  INFO 8040 --- [banco-api] [    Test worker] b.o.f.c.controller.BancoControllerTest   : Started BancoControllerTest in 6.348 seconds (process running for 8.1)
]]></system-out>
  <system-err><![CDATA[]]></system-err>
</testsuite>
